INFO [09-06|11:57:15.154] Maximum peer count                       ETH=25 LES=0 total=25
INFO [09-06|11:57:15.164] Starting peer-to-peer node               instance=Geth/v1.8.14-stable/darwin-amd64/go1.10.3
INFO [09-06|11:57:15.164] Allocated cache and file handles         database=/Users/mou/Documents/LaborStandardsContract/mychain/geth/chaindata cache=768 handles=1024
INFO [09-06|11:57:15.174] Initialised chain configuration          config="{ChainID: 15 Homestead: 0 DAO: <nil> DAOSupport: false EIP150: <nil> EIP155: 0 EIP158: 0 Byzantium: <nil> Constantinople: <nil> Engine: unknown}"
INFO [09-06|11:57:15.174] Disk storage enabled for ethash caches   dir=/Users/mou/Documents/LaborStandardsContract/mychain/geth/ethash count=3
INFO [09-06|11:57:15.174] Disk storage enabled for ethash DAGs     dir=/Users/mou/.ethash                                              count=2
INFO [09-06|11:57:15.174] Initialising Ethereum protocol           versions="[63 62]" network=1
INFO [09-06|11:57:15.174] Loaded most recent local header          number=0 hash=611596…424d04 td=131072
INFO [09-06|11:57:15.174] Loaded most recent local full block      number=0 hash=611596…424d04 td=131072
INFO [09-06|11:57:15.174] Loaded most recent local fast block      number=0 hash=611596…424d04 td=131072
INFO [09-06|11:57:15.175] Regenerated local transaction journal    transactions=0 accounts=0
INFO [09-06|11:57:15.175] Starting P2P networking 
INFO [09-06|11:57:15.175] RLPx listener up                         self="enode://b2a0278e50f52a352db5130d7db96a6659a620a2570794d3a390db94cc0d5b1fea5a6d5afe1bd6f7f58647f3c52c378bcd0c77c59b1613bd8df79e6ea4021b93@[::]:30303?discport=0"
INFO [09-06|11:57:15.177] IPC endpoint opened                      url=/Users/mou/Documents/LaborStandardsContract/mychain/geth.ipc
INFO [09-06|11:57:15.250] Etherbase automatically configured       address=0x329645E7c4980898F42bAAF9Ea0f31b07bAfb552
INFO [09-06|11:58:25.688] IPC endpoint closed                      endpoint=/Users/mou/Documents/LaborStandardsContract/mychain/geth.ipc
INFO [09-06|11:58:25.688] Blockchain manager stopped 
INFO [09-06|11:58:25.688] Stopping Ethereum protocol 
INFO [09-06|11:58:25.689] Ethereum protocol stopped 
INFO [09-06|11:58:25.689] Transaction pool stopped 
INFO [09-06|11:58:25.689] Database closed                          database=/Users/mou/Documents/LaborStandardsContract/mychain/geth/chaindata
